[2025-04-10 03:59:23] [INFO] deneme performed operation on deneme
[2025-04-10 04:03:28] [INFO] deneme performed operation on deneme
[2025-04-10 04:08:25] [INFO] 1(USER ID) performed operation on bildirim okuma
[2025-04-10 04:11:59] [INFO] 1(USER ID) performed operation on bildirim oluşturma
[2025-04-10 04:11:59] [INFO] 1(USER ID) performed operation on profil fotoğrafı güncelleme
[2025-04-10 04:14:02] [INFO] 1(USER ID) performed operation on bildirim okuma
[2025-04-10 04:14:04] [INFO] Mehmet Basrioglu performed operation on kullanıcı okuma
[2025-04-10 04:14:10] [INFO] Mehmet Basrioglu performed operation on kullanıcı okuma
[2025-04-10 04:14:39] [INFO] 1(USER ID) performed operation on bildirim okuma
[2025-04-10 04:14:42] [INFO] Mehmet Basrioglu performed operation on kullanıcı okuma
[2025-04-10 04:14:45] [INFO] Mehmet Basrioglu performed operation on kullanıcı okuma
[2025-04-10 04:14:45] [INFO] 1(USER ID) performed operation on bildirim okuma
[2025-04-10 04:14:48] [INFO] 1(USER ID) performed operation on bildirim okuma
[2025-04-10 04:14:48] [INFO] Mehmet Basrioglu performed operation on kullanıcı okuma
[2025-04-10 04:14:56] [INFO] deneme performed operation on deneme
[2025-04-10 04:18:24] [INFO] Anasayfa açıldı
[2025-04-10 04:18:26] [INFO] 1(USER ID) performed operation on bildirim okuma
[2025-04-10 04:18:27] [INFO] Anasayfa açıldı
[2025-04-10 04:18:29] [INFO] Profil açıldı
[2025-04-10 04:18:29] [INFO] Mehmet Basrioglu performed operation on kullanıcı okuma
[2025-04-10 04:20:02] [INFO] Anasayfa açıldı
[2025-04-10 04:20:05] [INFO] Kılavuz okuma
[2025-04-10 04:20:07] [INFO] Ayarlar açıldı
[2025-04-10 04:20:09] [INFO] Notlar açıldı
[2025-04-10 04:20:14] [INFO] Profil açıldı
[2025-04-10 04:20:14] [INFO] Mehmet Basrioglu performed operation on kullanıcı okuma
[2025-04-10 04:20:14] [INFO] 1(USER ID) performed operation on bildirim okuma
[2025-04-10 04:20:15] [INFO] Anasayfa açıldı
[2025-04-10 04:20:31] [INFO] Anasayfa açıldı
[2025-04-10 04:24:05] [INFO] Kılavuz okuma
[2025-04-10 04:24:17] [INFO] Kılavuz okuma
[2025-04-10 04:24:19] [INFO] 1(USER ID) performed operation on bildirim okuma
[2025-04-10 04:24:20] [INFO] Profil açıldı
[2025-04-10 04:24:20] [INFO] Mehmet Basrioglu performed operation on kullanıcı okuma
[2025-04-10 04:24:21] [INFO] Anasayfa açıldı
[2025-04-10 04:27:03] [INFO] Kılavuz okuma
[2025-04-10 04:27:07] [INFO] Ayarlar açıldı
[2025-04-10 04:27:09] [INFO] Anasayfa açıldı
[2025-04-10 04:27:11] [INFO] 1(USER ID) performed operation on bildirim okuma
[2025-04-10 04:27:14] [INFO] Profil açıldı
[2025-04-10 04:27:14] [INFO] Mehmet Basrioglu performed operation on kullanıcı okuma
[2025-04-10 04:27:57] [INFO] Notlar açıldı
[2025-04-10 04:27:58] [INFO] Profil açıldı
[2025-04-10 04:27:58] [INFO] Mehmet Basrioglu performed operation on kullanıcı okuma
[2025-04-10 04:27:59] [INFO] 1(USER ID) performed operation on bildirim okuma
[2025-04-10 04:27:59] [INFO] Anasayfa açıldı
[2025-04-10 04:42:09] [INFO] Anasayfa açıldı
[2025-04-10 04:44:47] [INFO] Anasayfa açıldı
[2025-04-10 04:44:49] [INFO] Kılavuz okuma
[2025-04-10 04:45:57] [INFO] Anasayfa açıldı
[2025-04-10 04:46:38] [INFO] Anasayfa açıldı
[2025-04-10 04:47:03] [INFO] Anasayfa açıldı
[2025-04-10 04:47:06] [INFO] Kılavuz okuma
[2025-04-10 04:47:30] [INFO] Kılavuz okuma
[2025-04-10 04:47:32] [INFO] Kılavuz okuma
[2025-04-10 04:47:34] [INFO] Kılavuz okuma
[2025-04-10 04:47:35] [INFO] Kılavuz okuma
[2025-04-10 04:47:37] [INFO] 1(USER ID) performed operation on bildirim okuma
[2025-04-10 04:47:38] [INFO] Anasayfa açıldı
[2025-04-10 04:47:40] [INFO] 1(USER ID) performed operation on bildirim okuma
[2025-04-10 04:47:41] [INFO] Profil açıldı
[2025-04-10 04:47:41] [INFO] Mehmet Basrioglu performed operation on kullanıcı okuma
[2025-04-10 04:47:42] [INFO] Notlar açıldı
[2025-04-10 04:47:44] [INFO] Ayarlar açıldı
[2025-04-10 04:47:45] [INFO] Kılavuz okuma
[2025-04-10 04:56:13] [INFO] Anasayfa açıldı
[2025-04-10 04:56:29] [INFO] 1(USER ID) performed operation on bildirim okuma
[2025-04-10 04:56:29] [INFO] Anasayfa açıldı
[2025-04-10 04:56:39] [INFO] Anasayfa açıldı
[2025-04-10 04:56:44] [INFO] Kılavuz okuma
[2025-04-10 04:58:14] [INFO] Anasayfa açıldı
[2025-04-10 04:58:53] [INFO] Anasayfa açıldı
[2025-04-10 04:59:32] [INFO] Anasayfa açıldı
[2025-04-10 05:00:56] [INFO] Anasayfa açıldı
[2025-04-10 05:04:37] [INFO] Anasayfa açıldı
[2025-04-10 05:04:54] [INFO] Anasayfa açıldı
[2025-04-10 05:10:26] [INFO] Anasayfa açıldı
[2025-04-10 05:12:02] [INFO] Anasayfa açıldı
[2025-04-10 05:13:20] [INFO] Anasayfa açıldı
[2025-04-10 05:14:20] [INFO] Anasayfa açıldı
[2025-04-10 05:15:59] [INFO] Anasayfa açıldı
[2025-04-10 05:16:45] [INFO] Anasayfa açıldı
[2025-04-10 05:17:32] [INFO] Anasayfa açıldı
[2025-04-10 05:17:58] [INFO] Anasayfa açıldı
[2025-04-10 05:19:36] [INFO] Anasayfa açıldı
[2025-04-10 05:20:22] [INFO] Anasayfa açıldı
[2025-04-10 05:20:46] [INFO] Anasayfa açıldı
[2025-04-10 05:21:04] [INFO] Anasayfa açıldı
[2025-04-10 05:21:21] [INFO] Anasayfa açıldı
[2025-04-10 05:22:31] [INFO] Anasayfa açıldı
[2025-04-10 05:24:02] [INFO] Anasayfa açıldı
[2025-04-10 05:24:50] [INFO] Anasayfa açıldı
[2025-04-10 05:24:54] [INFO] Kılavuz okuma
[2025-04-10 05:25:00] [INFO] Ayarlar açıldı
[2025-04-10 05:25:03] [INFO] Notlar açıldı
[2025-04-10 05:25:04] [INFO] Profil açıldı
[2025-04-10 05:25:05] [INFO] Mehmet Basrioglu performed operation on kullanıcı okuma
[2025-04-10 05:25:06] [INFO] 1(USER ID) performed operation on bildirim okuma
[2025-04-10 05:25:07] [INFO] Anasayfa açıldı
[2025-04-10 05:25:42] [INFO] Anasayfa açıldı
[2025-04-10 05:26:36] [INFO] Anasayfa açıldı
[2025-04-10 05:27:34] [INFO] Anasayfa açıldı
[2025-04-10 05:27:52] [INFO] Anasayfa açıldı
[2025-04-10 05:28:32] [INFO] Anasayfa açıldı
[2025-04-10 05:28:59] [INFO] Anasayfa açıldı
[2025-04-10 05:29:14] [INFO] Kılavuz okuma
[2025-04-10 05:32:17] [INFO] Kılavuz okuma
[2025-04-10 05:32:42] [INFO] Anasayfa açıldı
[2025-04-10 05:32:46] [INFO] Kılavuz okuma
[2025-04-10 05:37:24] [INFO] Anasayfa açıldı
[2025-04-10 05:38:32] [INFO] Anasayfa açıldı
[2025-04-10 05:39:28] [INFO] Anasayfa açıldı
[2025-04-10 05:39:56] [INFO] Anasayfa açıldı
[2025-04-10 05:40:11] [INFO] Anasayfa açıldı
[2025-04-10 05:40:33] [INFO] Anasayfa açıldı
[2025-04-10 05:40:43] [INFO] Kılavuz okuma
[2025-04-10 05:50:55] [INFO] Anasayfa açıldı
[2025-04-10 05:51:45] [INFO] Anasayfa açıldı
[2025-04-10 05:52:41] [INFO] Anasayfa açıldı
[2025-04-10 05:53:59] [INFO] Anasayfa açıldı
[2025-04-10 05:54:36] [INFO] Anasayfa açıldı
[2025-04-10 05:55:09] [INFO] Anasayfa açıldı
[2025-04-10 05:58:00] [INFO] Anasayfa açıldı
[2025-04-10 06:00:51] [INFO] Anasayfa açıldı
[2025-04-10 06:01:20] [INFO] Anasayfa açıldı
[2025-04-10 06:02:17] [INFO] Anasayfa açıldı
[2025-04-10 06:03:48] [INFO] Anasayfa açıldı
[2025-04-10 06:04:24] [INFO] Anasayfa açıldı
[2025-04-10 06:04:40] [INFO] Anasayfa açıldı
[2025-04-10 06:04:54] [INFO] Anasayfa açıldı
[2025-04-10 06:06:05] [INFO] Anasayfa açıldı
[2025-04-10 06:06:30] [INFO] Anasayfa açıldı
[2025-04-10 06:07:10] [INFO] Anasayfa açıldı
[2025-04-10 06:07:25] [INFO] Anasayfa açıldı
[2025-04-10 06:12:32] [INFO] Anasayfa açıldı
[2025-04-10 06:13:18] [INFO] Anasayfa açıldı
[2025-04-10 06:13:44] [INFO] Anasayfa açıldı
[2025-04-10 06:13:52] [INFO] Kılavuz okuma
[2025-04-10 06:14:14] [INFO] Anasayfa açıldı
[2025-04-10 06:14:40] [INFO] Anasayfa açıldı
[2025-04-10 06:23:03] [INFO] Anasayfa açıldı
[2025-04-10 06:23:37] [INFO] Anasayfa açıldı
[2025-04-10 06:23:59] [INFO] Anasayfa açıldı
[2025-04-10 06:24:32] [INFO] Anasayfa açıldı
[2025-04-10 06:24:57] [INFO] Anasayfa açıldı
[2025-04-10 06:25:41] [INFO] Anasayfa açıldı
[2025-04-10 06:25:53] [INFO] Anasayfa açıldı
[2025-04-10 06:26:13] [INFO] Anasayfa açıldı
[2025-04-10 06:26:27] [INFO] Anasayfa açıldı
[2025-04-10 06:26:56] [INFO] Anasayfa açıldı
[2025-04-10 06:28:24] [INFO] Anasayfa açıldı
[2025-04-10 06:29:25] [INFO] Anasayfa açıldı
[2025-04-10 06:29:54] [INFO] Anasayfa açıldı
[2025-04-10 06:30:32] [INFO] Anasayfa açıldı
[2025-04-10 06:31:06] [INFO] Anasayfa açıldı
[2025-04-10 06:32:19] [INFO] Anasayfa açıldı
[2025-04-10 06:32:40] [INFO] Anasayfa açıldı
[2025-04-10 06:49:10] [INFO] Anasayfa açıldı
[2025-04-10 06:49:35] [INFO] Anasayfa açıldı
[2025-04-10 06:50:08] [INFO] Anasayfa açıldı
[2025-04-10 06:51:09] [INFO] Anasayfa açıldı
[2025-04-10 06:53:32] [INFO] Anasayfa açıldı
[2025-04-10 06:54:58] [INFO] Anasayfa açıldı
[2025-04-10 06:58:12] [INFO] Anasayfa açıldı
[2025-04-10 07:05:54] [INFO] Anasayfa açıldı
[2025-04-10 07:07:58] [INFO] Anasayfa açıldı
[2025-04-10 07:08:19] [INFO] Anasayfa açıldı
[2025-04-10 07:08:41] [INFO] Anasayfa açıldı
[2025-04-10 07:10:03] [INFO] Anasayfa açıldı
[2025-04-10 07:11:11] [INFO] Anasayfa açıldı
[2025-04-10 07:12:14] [INFO] Anasayfa açıldı
[2025-04-10 07:15:29] [INFO] Anasayfa açıldı
[2025-04-10 07:15:48] [INFO] Anasayfa açıldı
[2025-04-10 07:16:34] [INFO] Anasayfa açıldı
[2025-04-10 07:18:46] [INFO] Anasayfa açıldı
[2025-04-10 07:21:00] [INFO] Anasayfa açıldı
[2025-04-10 07:22:00] [INFO] Anasayfa açıldı
[2025-04-10 07:26:53] [INFO] Anasayfa açıldı
[2025-04-10 07:27:05] [INFO] Anasayfa açıldı
[2025-04-10 07:28:11] [INFO] Anasayfa açıldı
[2025-04-10 07:30:22] [INFO] Anasayfa açıldı
[2025-04-10 07:32:27] [INFO] Anasayfa açıldı
[2025-04-10 07:37:00] [INFO] Anasayfa açıldı
[2025-04-10 07:41:26] [INFO] Anasayfa açıldı
[2025-04-10 07:44:29] [INFO] Anasayfa açıldı
[2025-04-10 07:46:38] [INFO] Anasayfa açıldı
[2025-04-10 07:49:09] [INFO] Anasayfa açıldı
[2025-04-10 07:50:36] [INFO] Anasayfa açıldı
[2025-04-10 07:56:59] [INFO] Anasayfa açıldı
[2025-04-10 07:57:48] [INFO] Anasayfa açıldı
[2025-04-10 08:07:11] [INFO] Anasayfa açıldı
[2025-04-10 08:09:36] [INFO] Anasayfa açıldı
[2025-04-10 08:10:07] [INFO] Anasayfa açıldı
[2025-04-10 08:11:22] [INFO] Anasayfa açıldı
[2025-04-10 08:13:24] [INFO] Anasayfa açıldı
[2025-04-10 08:18:21] [INFO] Anasayfa açıldı
[2025-04-10 08:23:58] [INFO] Anasayfa açıldı
[2025-04-10 08:32:34] [INFO] Anasayfa açıldı
[2025-04-10 08:39:34] [INFO] Anasayfa açıldı
[2025-04-10 08:48:23] [INFO] Anasayfa açıldı
[2025-04-10 08:55:34] [INFO] Anasayfa açıldı
[2025-04-10 08:55:36] [INFO] 1(USER ID) performed operation on bildirim okuma
[2025-04-10 08:55:37] [INFO] Profil açıldı
[2025-04-10 08:55:37] [INFO] Mehmet Basrioglu performed operation on kullanıcı okuma
[2025-04-10 08:55:38] [INFO] Notlar açıldı
[2025-04-10 08:55:40] [INFO] Ayarlar açıldı
[2025-04-10 08:55:41] [INFO] Kılavuz okuma
[2025-04-10 08:55:45] [INFO] Anasayfa açıldı
[2025-04-10 08:57:32] [INFO] Anasayfa açıldı
[2025-04-10 08:58:23] [INFO] Anasayfa açıldı
[2025-04-10 08:59:05] [INFO] 1(USER ID) performed operation on bildirim okuma
[2025-04-10 08:59:06] [INFO] Profil açıldı
[2025-04-10 08:59:06] [INFO] Mehmet Basrioglu performed operation on kullanıcı okuma
[2025-04-10 08:59:07] [INFO] Notlar açıldı
[2025-04-10 08:59:09] [INFO] Ayarlar açıldı
[2025-04-10 08:59:11] [INFO] Kılavuz okuma
[2025-04-10 08:59:15] [INFO] Anasayfa açıldı
[2025-04-10 09:02:47] [INFO] Anasayfa açıldı
[2025-04-10 09:10:24] [INFO] Anasayfa açıldı
[2025-04-10 09:11:36] [INFO] Anasayfa açıldı
[2025-04-10 09:12:57] [INFO] Anasayfa açıldı
[2025-04-10 09:19:01] [INFO] Anasayfa açıldı
[2025-04-10 09:20:32] [INFO] 1(USER ID) performed operation on bildirim okuma
[2025-04-10 09:20:33] [INFO] Anasayfa açıldı
[2025-04-10 09:21:33] [INFO] Anasayfa açıldı
[2025-04-10 09:22:01] [INFO] Anasayfa açıldı
[2025-04-10 09:27:48] [INFO] Anasayfa açıldı
[2025-04-10 09:27:56] [INFO] basrioglumehmet@gmail.com performed operation on mail with attachment gönderme
[2025-04-10 09:28:26] [INFO] Anasayfa açıldı
[2025-04-10 09:28:34] [INFO] basrioglumehmet@gmail.com performed operation on mail with attachment gönderme
[2025-04-10 09:29:28] [INFO] Anasayfa açıldı
[2025-04-10 09:29:36] [INFO] basrioglumehmet@gmail.com performed operation on mail with attachment gönderme
[2025-04-10 10:04:48] [INFO] Anasayfa açıldı
[2025-04-10 10:06:48] [INFO] Anasayfa açıldı
[2025-04-10 10:08:14] [INFO] Anasayfa açıldı
[2025-04-10 10:09:12] [INFO] Anasayfa açıldı
[2025-04-10 10:09:50] [INFO] Anasayfa açıldı
[2025-04-10 10:10:45] [INFO] Anasayfa açıldı
[2025-04-10 10:17:52] [INFO] Anasayfa açıldı
[2025-04-10 10:18:32] [INFO] Anasayfa açıldı
[2025-04-10 10:20:25] [INFO] Anasayfa açıldı
[2025-04-10 10:20:43] [INFO] Anasayfa açıldı
[2025-04-10 10:27:54] [INFO] Anasayfa açıldı
[2025-04-10 10:28:33] [INFO] Anasayfa açıldı
[2025-04-10 10:29:10] [INFO] Anasayfa açıldı
[2025-04-10 10:37:59] [INFO] Anasayfa açıldı
[2025-04-10 10:40:11] [INFO] Anasayfa açıldı
[2025-04-10 10:47:05] [INFO] Anasayfa açıldı
[2025-04-10 10:54:38] [INFO] Anasayfa açıldı
[2025-04-10 10:58:04] [INFO] Anasayfa açıldı
[2025-04-10 11:00:57] [INFO] Anasayfa açıldı
[2025-04-10 11:02:34] [INFO] Anasayfa açıldı
[2025-04-10 11:03:06] [INFO] Anasayfa açıldı
[2025-04-10 11:04:51] [INFO] Anasayfa açıldı
[2025-04-10 11:05:24] [INFO] Anasayfa açıldı
[2025-04-10 11:07:17] [INFO] Anasayfa açıldı
[2025-04-10 11:08:07] [INFO] Anasayfa açıldı
[2025-04-10 11:10:55] [INFO] Anasayfa açıldı
[2025-04-10 11:13:39] [INFO] Anasayfa açıldı
[2025-04-10 11:16:13] [INFO] Anasayfa açıldı
[2025-04-10 11:18:48] [INFO] Anasayfa açıldı
[2025-04-10 11:23:23] [INFO] Anasayfa açıldı
[2025-04-10 11:24:24] [INFO] Anasayfa açıldı
[2025-04-10 11:28:00] [INFO] Anasayfa açıldı
[2025-04-10 11:28:46] [INFO] Anasayfa açıldı
[2025-04-10 11:29:09] [INFO] Anasayfa açıldı
[2025-04-10 11:29:29] [INFO] Anasayfa açıldı
[2025-04-10 11:32:40] [INFO] Anasayfa açıldı
[2025-04-10 11:35:04] [INFO] Anasayfa açıldı
[2025-04-10 11:36:29] [INFO] Anasayfa açıldı
[2025-04-10 11:38:09] [INFO] Anasayfa açıldı
[2025-04-10 11:38:57] [INFO] Anasayfa açıldı
[2025-04-10 11:39:51] [INFO] Anasayfa açıldı
[2025-04-10 11:40:35] [INFO] Anasayfa açıldı
[2025-04-10 11:55:04] [INFO] Anasayfa açıldı
[2025-04-10 11:55:20] [INFO]  performed operation on mail with attachment gönderme
[2025-04-10 11:56:16] [INFO] Anasayfa açıldı
[2025-04-10 11:57:19] [INFO] Anasayfa açıldı
[2025-04-10 11:57:41] [INFO] basrioglumehmet@gmail.com performed operation on mail with attachment gönderme
[2025-04-10 12:03:12] [INFO] Anasayfa açıldı
[2025-04-10 12:06:25] [INFO] Anasayfa açıldı
[2025-04-10 12:08:00] [INFO] Anasayfa açıldı
[2025-04-10 12:09:07] [INFO] Anasayfa açıldı
[2025-04-10 12:11:36] [INFO] Anasayfa açıldı
[2025-04-10 12:42:20] [INFO] Anasayfa açıldı
[2025-04-10 12:47:03] [INFO] Anasayfa açıldı
[2025-04-10 12:49:43] [INFO] Anasayfa açıldı
[2025-04-10 12:51:41] [INFO] Anasayfa açıldı
[2025-04-10 12:53:26] [INFO] Anasayfa açıldı
[2025-04-10 12:55:41] [INFO] Anasayfa açıldı
[2025-04-10 12:56:46] [INFO] Anasayfa açıldı
[2025-04-10 13:00:23] [INFO] Anasayfa açıldı
[2025-04-10 13:02:52] [INFO] Anasayfa açıldı
[2025-04-10 13:04:49] [INFO] Anasayfa açıldı
[2025-04-10 13:05:31] [INFO] basrioglumehmet@gmail.com performed operation on mail with attachment gönderme
[2025-04-10 13:15:26] [INFO] Anasayfa açıldı
[2025-04-10 13:16:37] [INFO] Anasayfa açıldı
[2025-04-10 13:24:20] [INFO] Anasayfa açıldı
[2025-04-10 13:25:38] [INFO] Anasayfa açıldı
[2025-04-10 13:25:54] [INFO] basrioglumehmet@gmail.com performed operation on mail with attachment gönderme
[2025-04-10 13:27:44] [INFO] 1(USER ID) performed operation on bildirim okuma
[2025-04-10 13:27:45] [INFO] Anasayfa açıldı
[2025-04-10 13:30:26] [INFO] Profil açıldı
[2025-04-10 13:30:26] [INFO] Mehmet Basrioglu performed operation on kullanıcı okuma
[2025-04-10 13:30:27] [INFO] Anasayfa açıldı
[2025-04-10 13:34:07] [INFO] Anasayfa açıldı
[2025-04-10 13:37:52] [INFO] 1(USER ID) performed operation on bildirim okuma
[2025-04-10 13:37:53] [INFO] Anasayfa açıldı
[2025-04-10 13:41:15] [INFO] Anasayfa açıldı
[2025-04-10 13:43:20] [INFO] Anasayfa açıldı
[2025-04-10 13:43:32] [INFO] Anasayfa açıldı
[2025-04-10 13:54:06] [INFO] 1(USER ID) performed operation on bildirim okuma
[2025-04-10 13:54:46] [INFO] Notlar açıldı
[2025-04-10 14:00:13] [INFO] Kılavuz okuma
[2025-04-10 14:00:15] [INFO] Ayarlar açıldı
[2025-04-10 14:00:27] [INFO] Notlar açıldı
[2025-04-10 14:00:28] [INFO] 1(USER ID) performed operation on bildirim okuma
[2025-04-10 14:09:36] [INFO] Notlar açıldı
[2025-04-10 14:09:37] [INFO] Kılavuz okuma
[2025-04-10 14:10:27] [INFO] Anasayfa açıldı
[2025-04-10 14:11:28] [INFO] basrioglumehmet@gmail.com performed operation on mail with attachment gönderme
[2025-04-10 14:12:18] [INFO] Anasayfa açıldı
[2025-04-10 14:12:47] [INFO] basrioglumehmet@gmail.com performed operation on mail with attachment gönderme
[2025-04-10 14:21:08] [INFO] Anasayfa açıldı
[2025-04-10 14:21:46] [INFO] 1(USER ID) performed operation on bildirim okuma
[2025-04-10 14:21:47] [INFO] Anasayfa açıldı
[2025-04-10 14:25:01] [INFO] 1(USER ID) performed operation on bildirim okuma
[2025-04-10 14:25:02] [INFO] Anasayfa açıldı
[2025-04-10 14:26:35] [INFO] Anasayfa açıldı
[2025-04-10 14:27:08] [INFO] Anasayfa açıldı
[2025-04-10 14:28:54] [INFO] Anasayfa açıldı
[2025-04-10 14:29:04] [INFO] Anasayfa açıldı
[2025-04-10 14:29:25] [INFO] Anasayfa açıldı
[2025-04-10 14:43:26] [INFO] Anasayfa açıldı
[2025-04-10 14:48:14] [INFO] Anasayfa açıldı
[2025-04-10 14:50:55] [INFO] Anasayfa açıldı
[2025-04-10 14:53:12] [INFO] Anasayfa açıldı
[2025-04-10 14:57:42] [INFO] Anasayfa açıldı
[2025-04-10 15:02:48] [INFO] Anasayfa açıldı
[2025-04-10 15:04:16] [INFO] Anasayfa açıldı
[2025-04-10 15:07:46] [INFO] Anasayfa açıldı
[2025-04-10 15:08:09] [INFO] Anasayfa açıldı
[2025-04-10 15:09:23] [INFO] Anasayfa açıldı
[2025-04-10 15:16:28] [INFO] Anasayfa açıldı
[2025-04-10 15:16:44] [INFO] 1(USER ID) performed operation on bildirim okuma
[2025-04-10 15:16:44] [INFO] Anasayfa açıldı
[2025-04-10 15:18:46] [INFO] Anasayfa açıldı
[2025-04-10 15:18:55] [INFO] 1(USER ID) performed operation on bildirim okuma
[2025-04-10 15:18:55] [INFO] Anasayfa açıldı
[2025-04-10 15:22:52] [INFO] Anasayfa açıldı
[2025-04-10 15:23:05] [INFO] 1(USER ID) performed operation on bildirim okuma
[2025-04-10 15:23:06] [INFO] Anasayfa açıldı
[2025-04-10 15:23:18] [INFO] 1(USER ID) performed operation on bildirim okuma
[2025-04-10 15:23:18] [INFO] Anasayfa açıldı
[2025-04-10 15:23:59] [INFO] 1(USER ID) performed operation on bildirim okuma
[2025-04-10 15:24:00] [INFO] Anasayfa açıldı
[2025-04-10 15:24:52] [INFO] 1(USER ID) performed operation on bildirim okuma
[2025-04-10 15:24:53] [INFO] Anasayfa açıldı
[2025-04-10 15:25:53] [INFO] Anasayfa açıldı
[2025-04-10 15:26:05] [INFO] 1(USER ID) performed operation on bildirim okuma
[2025-04-10 15:26:06] [INFO] Anasayfa açıldı
[2025-04-10 15:26:56] [INFO] 1(USER ID) performed operation on bildirim okuma
[2025-04-10 15:26:57] [INFO] Anasayfa açıldı
[2025-04-10 15:28:27] [INFO] 1(USER ID) performed operation on bildirim okuma
[2025-04-10 15:28:28] [INFO] Anasayfa açıldı
[2025-04-10 15:28:47] [INFO] 1(USER ID) performed operation on bildirim okuma
[2025-04-10 15:28:48] [INFO] Anasayfa açıldı
[2025-04-10 15:32:49] [INFO] basrioglumehmet@gmail.com performed operation on mail with attachment gönderme
[2025-04-10 15:35:02] [INFO] Anasayfa açıldı
[2025-04-10 15:35:21] [INFO] 1(USER ID) performed operation on bildirim okuma
[2025-04-10 15:35:22] [INFO] Anasayfa açıldı
[2025-04-10 15:39:46] [INFO] Anasayfa açıldı
[2025-04-10 15:40:16] [INFO] 1(USER ID) performed operation on bildirim okuma
[2025-04-10 15:40:16] [INFO] Anasayfa açıldı
[2025-04-10 15:42:32] [INFO] Anasayfa açıldı
[2025-04-10 15:43:18] [INFO] 1(USER ID) performed operation on bildirim okuma
[2025-04-10 15:43:18] [INFO] Anasayfa açıldı
[2025-04-10 15:43:37] [INFO] 1(USER ID) performed operation on bildirim okuma
[2025-04-10 15:43:37] [INFO] Anasayfa açıldı
[2025-04-10 15:46:19] [INFO] Anasayfa açıldı
[2025-04-10 15:47:49] [INFO] Anasayfa açıldı
[2025-04-10 15:47:54] [INFO] 1(USER ID) performed operation on bildirim okuma
[2025-04-10 15:47:54] [INFO] Anasayfa açıldı
[2025-04-10 15:49:04] [INFO] Anasayfa açıldı
[2025-04-10 15:49:36] [INFO] 1(USER ID) performed operation on bildirim okuma
[2025-04-10 15:49:36] [INFO] Anasayfa açıldı
[2025-04-10 15:50:05] [INFO] 1(USER ID) performed operation on bildirim okuma
[2025-04-10 15:50:06] [INFO] Anasayfa açıldı
[2025-04-10 16:01:06] [INFO] Anasayfa açıldı
[2025-04-10 16:01:26] [INFO] 1(USER ID) performed operation on bildirim okuma
[2025-04-10 16:01:27] [INFO] Anasayfa açıldı
[2025-04-10 16:01:48] [INFO] 1(USER ID) performed operation on bildirim okuma
[2025-04-10 16:01:48] [INFO] Anasayfa açıldı
[2025-04-10 16:05:27] [INFO] Anasayfa açıldı
[2025-04-10 16:05:37] [INFO] 1(USER ID) performed operation on bildirim okuma
[2025-04-10 16:05:37] [INFO] Anasayfa açıldı
[2025-04-10 16:08:24] [INFO] Anasayfa açıldı
[2025-04-10 16:09:36] [INFO] Anasayfa açıldı
[2025-04-10 16:11:54] [INFO] Anasayfa açıldı
[2025-04-10 16:12:42] [INFO] Anasayfa açıldı
[2025-04-10 16:18:20] [INFO] 1(USER ID) performed operation on bildirim okuma
[2025-04-10 16:18:20] [INFO] Anasayfa açıldı
[2025-04-10 16:18:54] [INFO] Anasayfa açıldı
[2025-04-10 16:20:15] [INFO] Anasayfa açıldı
[2025-04-10 16:21:51] [INFO] Anasayfa açıldı
[2025-04-10 16:21:55] [INFO] 1(USER ID) performed operation on bildirim okuma
[2025-04-10 16:21:55] [INFO] Anasayfa açıldı
[2025-04-10 16:24:23] [INFO] Anasayfa açıldı
[2025-04-10 16:25:16] [INFO] Anasayfa açıldı
[2025-04-10 17:11:14] [INFO] Anasayfa açıldı
[2025-04-10 17:11:23] [INFO] 1(USER ID) performed operation on bildirim okuma
[2025-04-10 17:11:24] [INFO] Anasayfa açıldı
[2025-04-10 17:11:25] [INFO] 1(USER ID) performed operation on bildirim okuma
[2025-04-10 17:11:25] [INFO] Anasayfa açıldı
[2025-04-10 17:11:26] [INFO] 1(USER ID) performed operation on bildirim okuma
[2025-04-10 17:11:26] [INFO] Anasayfa açıldı
[2025-04-10 17:11:27] [INFO] 1(USER ID) performed operation on bildirim okuma
[2025-04-10 17:11:27] [INFO] Anasayfa açıldı
[2025-04-10 17:11:28] [INFO] 1(USER ID) performed operation on bildirim okuma
[2025-04-10 17:11:28] [INFO] Anasayfa açıldı
[2025-04-10 17:11:29] [INFO] 1(USER ID) performed operation on bildirim okuma
[2025-04-10 17:11:30] [INFO] Anasayfa açıldı
[2025-04-10 17:11:31] [INFO] 1(USER ID) performed operation on bildirim okuma
[2025-04-10 17:11:32] [INFO] Anasayfa açıldı
[2025-04-10 17:11:32] [INFO] 1(USER ID) performed operation on bildirim okuma
[2025-04-10 17:11:37] [INFO] Kılavuz okuma
[2025-04-10 17:11:42] [INFO] 1(USER ID) performed operation on bildirim okuma
[2025-04-10 17:11:42] [INFO] Profil açıldı
[2025-04-10 17:11:42] [INFO] Mehmet Basrioglu performed operation on kullanıcı okuma
[2025-04-10 17:11:43] [INFO] Notlar açıldı
[2025-04-10 17:11:44] [INFO] Anasayfa açıldı
[2025-04-10 17:26:31] [INFO] 1(USER ID) performed operation on bildirim okuma
[2025-04-10 17:26:34] [INFO] Anasayfa açıldı
[2025-04-10 17:33:58] [INFO] Anasayfa açıldı
[2025-04-10 17:38:39] [INFO] Anasayfa açıldı
[2025-04-10 17:39:34] [INFO] Anasayfa açıldı
[2025-04-10 17:39:58] [INFO] Anasayfa açıldı
[2025-04-10 17:40:09] [INFO] 1(USER ID) performed operation on bildirim okuma
[2025-04-10 17:40:09] [INFO] Anasayfa açıldı
[2025-04-10 17:40:52] [INFO] Anasayfa açıldı
[2025-04-10 17:41:12] [INFO] Anasayfa açıldı
[2025-04-10 17:42:47] [INFO] Anasayfa açıldı
[2025-04-10 17:45:05] [INFO] Anasayfa açıldı
[2025-04-10 18:12:12] [INFO] Anasayfa açıldı
[2025-04-10 18:14:23] [INFO] Anasayfa açıldı
[2025-04-10 18:14:47] [INFO] Anasayfa açıldı
[2025-04-10 18:15:45] [INFO] Anasayfa açıldı
[2025-04-10 18:19:57] [INFO] Anasayfa açıldı
[2025-04-10 18:28:06] [INFO] Anasayfa açıldı
[2025-04-10 18:29:04] [INFO] Anasayfa açıldı
[2025-04-10 18:29:32] [INFO] Anasayfa açıldı
[2025-04-10 18:30:05] [INFO] Anasayfa açıldı
[2025-04-10 18:39:47] [INFO] Anasayfa açıldı
[2025-04-10 18:40:32] [INFO] Anasayfa açıldı
[2025-04-10 18:40:49] [INFO] User(id=15, username=rte, email=rte, password=$2a$12$wVHV24EKz03k.FExp3hPbuQWye4jU3VmOhTvQCjWOJbtMUcVeaEdW, role=USER, isVerified=true, isLocked=false, version=0) performed operation on kullanıcı oluşturma
[2025-04-10 18:40:53] [INFO] 1(USER ID) performed operation on bildirim okuma
[2025-04-10 18:40:54] [INFO] Anasayfa açıldı
[2025-04-10 18:49:59] [INFO] Anasayfa açıldı
[2025-04-10 19:10:27] [INFO] Anasayfa açıldı
[2025-04-10 19:11:29] [INFO] Anasayfa açıldı
[2025-04-10 19:14:39] [INFO] Anasayfa açıldı
[2025-04-10 19:14:50] [INFO] Anasayfa açıldı
[2025-04-10 19:16:21] [INFO] Anasayfa açıldı
[2025-04-10 19:19:48] [INFO] Anasayfa açıldı
[2025-04-10 19:20:28] [INFO] Anasayfa açıldı
[2025-04-10 19:20:59] [INFO] Anasayfa açıldı
[2025-04-10 19:26:08] [INFO] Anasayfa açıldı
[2025-04-10 19:26:17] [INFO] User(id=2, username=asdasd, email=asdasd, password=$2a$12$HeyQig.BHt1ZEZ5RxtmDheMGOSHtX3xe/Ypt4zAScG4b4JookcqUy, role=USER, isVerified=false, isLocked=false, version=1) performed operation on kullanıcı güncelleme
[2025-04-10 19:26:19] [INFO] 1(USER ID) performed operation on bildirim okuma
[2025-04-10 19:26:19] [INFO] Anasayfa açıldı
[2025-04-10 19:28:48] [INFO] Anasayfa açıldı
[2025-04-10 19:28:56] [INFO] User(id=2, username=asdasd, email=asdasd, password=$2a$12$HeyQig.BHt1ZEZ5RxtmDheMGOSHtX3xe/Ypt4zAScG4b4JookcqUy, role=USER, isVerified=true, isLocked=false, version=2) performed operation on kullanıcı güncelleme
[2025-04-10 19:28:59] [INFO] Profil açıldı
[2025-04-10 19:28:59] [INFO] Mehmet Basrioglu performed operation on kullanıcı okuma
[2025-04-10 19:28:59] [INFO] Anasayfa açıldı
[2025-04-11 07:31:46] [INFO] Anasayfa açıldı
[2025-04-11 07:32:21] [INFO] User(id=2, username=asdasd, email=asdasd, password=$2a$12$HeyQig.BHt1ZEZ5RxtmDheMGOSHtX3xe/Ypt4zAScG4b4JookcqUy, role=USER, isVerified=true, isLocked=false, version=3) performed operation on kullanıcı güncelleme
[2025-04-11 07:32:24] [INFO] 1(USER ID) performed operation on bildirim okuma
[2025-04-11 07:32:25] [INFO] Anasayfa açıldı
[2025-04-11 07:33:42] [INFO] Anasayfa açıldı
[2025-04-11 07:33:58] [INFO] User(id=2, username=asdasd, email=asdasd, password=$2a$12$HeyQig.BHt1ZEZ5RxtmDheMGOSHtX3xe/Ypt4zAScG4b4JookcqUy, role=USER, isVerified=true, isLocked=true, version=4) performed operation on kullanıcı güncelleme
[2025-04-11 07:34:02] [INFO] 1(USER ID) performed operation on bildirim okuma
[2025-04-11 07:34:03] [INFO] Anasayfa açıldı
[2025-04-11 07:34:20] [INFO] User(id=2, username=asdasd, email=asdasd, password=$2a$12$HeyQig.BHt1ZEZ5RxtmDheMGOSHtX3xe/Ypt4zAScG4b4JookcqUy, role=USER, isVerified=true, isLocked=true, version=5) performed operation on kullanıcı güncelleme
[2025-04-11 07:35:16] [INFO] Anasayfa açıldı
[2025-04-11 07:35:27] [INFO] User(id=2, username=asdasd, email=asdasd, password=$2a$12$HeyQig.BHt1ZEZ5RxtmDheMGOSHtX3xe/Ypt4zAScG4b4JookcqUy, role=USER, isVerified=true, isLocked=false, version=6) performed operation on kullanıcı güncelleme
[2025-04-11 07:40:03] [INFO] Anasayfa açıldı
[2025-04-11 07:40:11] [INFO] 1(USER ID) performed operation on bildirim okuma
[2025-04-11 07:40:11] [INFO] Anasayfa açıldı
[2025-04-11 07:40:54] [INFO] Anasayfa açıldı
[2025-04-11 07:43:09] [INFO] Anasayfa açıldı
[2025-04-11 07:43:23] [INFO] 1(USER ID) performed operation on bildirim okuma
[2025-04-11 07:43:24] [INFO] Anasayfa açıldı
[2025-04-11 07:43:33] [INFO] User(id=8, username=deneme, email=111, password=$2a$12$RBCVdAUHQw8TesOYhvt50udlDAyRxpzwul1Alfl34Dz7uERvcm4AC, role=USER, isVerified=false, isLocked=false, version=1) performed operation on kullanıcı güncelleme
[2025-04-11 07:44:25] [INFO] Anasayfa açıldı
[2025-04-11 07:44:31] [INFO] User(id=8, username=deneme2, email=111, password=$2a$12$RBCVdAUHQw8TesOYhvt50udlDAyRxpzwul1Alfl34Dz7uERvcm4AC, role=USER, isVerified=false, isLocked=false, version=2) performed operation on kullanıcı güncelleme
[2025-04-11 07:44:46] [INFO] User(id=8, username=deneme23, email=111, password=$2a$12$RBCVdAUHQw8TesOYhvt50udlDAyRxpzwul1Alfl34Dz7uERvcm4AC, role=USER, isVerified=false, isLocked=false, version=3) performed operation on kullanıcı güncelleme
[2025-04-11 07:45:28] [INFO] Anasayfa açıldı
[2025-04-11 07:45:40] [INFO] User(id=8, username=deneme, email=111, password=$2a$12$RBCVdAUHQw8TesOYhvt50udlDAyRxpzwul1Alfl34Dz7uERvcm4AC, role=USER, isVerified=false, isLocked=false, version=4) performed operation on kullanıcı güncelleme
[2025-04-11 07:49:16] [INFO] Anasayfa açıldı
[2025-04-11 07:51:10] [INFO] 1(USER ID) performed operation on bildirim okuma
[2025-04-11 07:51:11] [INFO] Anasayfa açıldı
[2025-04-11 07:56:43] [INFO] Anasayfa açıldı
[2025-04-11 08:00:30] [INFO] Anasayfa açıldı
[2025-04-11 08:09:17] [INFO] Anasayfa açıldı
[2025-04-11 08:11:16] [INFO] Anasayfa açıldı
[2025-04-11 08:12:13] [INFO] Anasayfa açıldı
[2025-04-11 08:13:00] [INFO] Anasayfa açıldı
[2025-04-11 08:14:41] [INFO] Anasayfa açıldı
[2025-04-11 08:43:44] [INFO] Anasayfa açıldı
[2025-04-11 08:46:05] [INFO] Anasayfa açıldı
[2025-04-11 08:46:34] [INFO] Anasayfa açıldı
[2025-04-11 08:47:14] [INFO] Anasayfa açıldı
[2025-04-11 08:47:33] [INFO] Anasayfa açıldı
[2025-04-11 08:47:56] [INFO] Anasayfa açıldı
[2025-04-11 08:51:54] [INFO] Anasayfa açıldı
[2025-04-11 08:55:04] [INFO] Anasayfa açıldı
[2025-04-11 08:58:25] [INFO] 1(USER ID) performed operation on bildirim okuma
[2025-04-11 08:58:25] [INFO] Anasayfa açıldı
[2025-04-11 09:01:00] [INFO] Profil açıldı
[2025-04-11 09:01:00] [INFO] Mehmet Basrioglu performed operation on kullanıcı okuma
[2025-04-11 09:01:00] [INFO] Anasayfa açıldı
[2025-04-11 09:02:18] [INFO] Anasayfa açıldı
[2025-04-11 09:03:16] [INFO] Anasayfa açıldı
[2025-04-11 09:04:17] [INFO] 1(USER ID) performed operation on bildirim okuma
[2025-04-11 09:04:18] [INFO] Profil açıldı
[2025-04-11 09:04:18] [INFO] Mehmet Basrioglu performed operation on kullanıcı okuma
[2025-04-11 09:04:20] [INFO] Notlar açıldı
[2025-04-11 09:12:30] [INFO] Anasayfa açıldı
[2025-04-11 09:19:00] [INFO] 1(USER ID) performed operation on bildirim okuma
[2025-04-11 09:23:50] [INFO] Notlar açıldı
[2025-04-11 09:23:52] [INFO] Profil açıldı
[2025-04-11 09:23:52] [INFO] Mehmet Basrioglu performed operation on kullanıcı okuma
[2025-04-11 09:26:37] [INFO] Notlar açıldı
[2025-04-11 09:28:13] [INFO] Ayarlar açıldı
[2025-04-11 09:30:12] [INFO] Kılavuz okuma
[2025-04-11 09:33:43] [INFO] 1(USER ID) performed operation on bildirim okuma
[2025-04-11 09:33:44] [INFO] Anasayfa açıldı
[2025-04-11 09:33:44] [INFO] 1(USER ID) performed operation on bildirim okuma
[2025-04-11 09:33:45] [INFO] Anasayfa açıldı
[2025-04-11 09:33:46] [INFO] 1(USER ID) performed operation on bildirim okuma
[2025-04-11 09:33:47] [INFO] Profil açıldı
[2025-04-11 09:33:47] [INFO] Mehmet Basrioglu performed operation on kullanıcı okuma
[2025-04-11 09:33:48] [INFO] Notlar açıldı
[2025-04-11 09:33:49] [INFO] Ayarlar açıldı
[2025-04-11 09:33:50] [INFO] Kılavuz okuma
[2025-04-11 10:01:20] [INFO] Anasayfa açıldı
[2025-04-11 10:03:03] [INFO] Anasayfa açıldı
[2025-04-11 10:17:59] [INFO] Anasayfa açıldı
[2025-04-11 10:18:08] [INFO] Kılavuz okuma
[2025-04-11 10:18:10] [INFO] Anasayfa açıldı
[2025-04-11 10:18:11] [INFO] 1(USER ID) performed operation on bildirim okuma
[2025-04-11 10:18:12] [INFO] Profil açıldı
[2025-04-11 10:18:12] [INFO] Mehmet Basrioglu performed operation on kullanıcı okuma
[2025-04-11 10:18:13] [INFO] Notlar açıldı
[2025-04-11 10:18:14] [INFO] Ayarlar açıldı
[2025-04-11 10:18:14] [INFO] Kılavuz okuma
[2025-04-11 10:18:31] [INFO] Anasayfa açıldı
[2025-04-11 10:19:41] [INFO] Anasayfa açıldı
[2025-04-11 10:20:24] [INFO] Anasayfa açıldı
[2025-04-11 10:24:54] [INFO] Anasayfa açıldı
[2025-04-11 10:25:39] [INFO] Anasayfa açıldı
[2025-04-11 11:39:39] [INFO] Anasayfa açıldı
[2025-04-11 11:41:41] [INFO] Anasayfa açıldı
[2025-04-11 11:42:01] [INFO] User(id=1, username=Mehmet Basrioglu, email=admin@admin.com, password=$2a$12$mfky.lYMgUhwb7LZQ8ZrB.zPTk5ymnECHEP4QLFSTWk/4zmalriDW, role=ADMIN, isVerified=true, isLocked=false, version=35) performed operation on kullanıcı güncelleme
[2025-04-11 11:42:01] [INFO] User(id=16, username=Mehmet Basrioglu, email=admin@admin.com, password=$2a$12$MhBvhhNzfSUlR7CDpfjFW.C5KIi6bjiSbQVW9DRbjW8z7iHaSRgIW, role=ADMIN, isVerified=true, isLocked=false, version=1) performed operation on kullanıcı güncelleme
[2025-04-11 11:42:09] [INFO] 1(USER ID) performed operation on bildirim okuma
[2025-04-11 11:42:10] [INFO] Anasayfa açıldı
[2025-04-11 11:42:37] [INFO] Profil açıldı
[2025-04-11 11:42:37] [INFO] Mehmet Basrioglu performed operation on kullanıcı okuma
[2025-04-11 11:42:37] [INFO] Anasayfa açıldı
[2025-04-11 11:45:17] [INFO] Anasayfa açıldı
[2025-04-11 11:46:01] [INFO] Anasayfa açıldı
[2025-04-11 11:46:39] [INFO] 1(USER ID) performed operation on bildirim okuma
[2025-04-11 11:46:40] [INFO] Anasayfa açıldı
[2025-04-11 11:46:44] [INFO] User(id=2, username=Mehmet Basrioglu, email=user@user.com, password=$2a$12$qYqiMuTm.Ybvbz3gB3iq.OxGbNy7byDg022W7dcILR1vwh4kvU9nu, role=USER, isVerified=false, isLocked=false, version=0) performed operation on kullanıcı oluşturma
[2025-04-11 11:46:44] [INFO] User(id=1, username=Mehmet Basrioglu, email=admin@admin.com, password=$2a$12$.3l/UvUGzNA.eYd6E5bEdOoWO35Q/sRlJqKFVNwYPWUB3h0Nciphu, role=ADMIN, isVerified=true, isLocked=false, version=37) performed operation on kullanıcı güncelleme
[2025-04-11 11:48:25] [INFO] Anasayfa açıldı
[2025-04-11 11:50:51] [INFO] Anasayfa açıldı
[2025-04-11 11:56:02] [INFO] Anasayfa açıldı
[2025-04-11 11:57:23] [INFO] Anasayfa açıldı
[2025-04-11 11:58:28] [INFO] Anasayfa açıldı
[2025-04-11 11:59:04] [INFO] User(id=0, username=Duru Basrioglu, email=user2@user.com, password=$2a$12$qYqiMuTm.Ybvbz3gB3iq.OxGbNy7byDg022W7dcILR1vwh4kvU9nu, role=USER, isVerified=false, isLocked=false, version=1) performed operation on User created
[2025-04-11 11:59:04] [INFO] User(id=1, username=Mehmet Basrioglu, email=admin@admin.com, password=$2a$12$L7HwLk1Y0WCCvcuwL.mUp.50wWrB2Sh7avsdaOrD0StRTAMloTtjm, role=ADMIN, isVerified=true, isLocked=false, version=43) performed operation on User updated
[2025-04-11 11:59:04] [INFO] User(id=17, username=Mehmet Basrioglu, email=user@user.com, password=$2a$12$Dnw4gZttKdyh1iscEWjd1.BFWA7Wqx/T5INmclJFHT16Xz8Br.pCC, role=USER, isVerified=false, isLocked=false, version=6) performed operation on User updated
[2025-04-11 12:01:44] [INFO] Anasayfa açıldı
[2025-04-11 12:07:13] [INFO] Anasayfa açıldı
[2025-04-11 12:08:53] [INFO] Anasayfa açıldı
[2025-04-11 12:09:44] [INFO] User(id=17, username=Mehmet Basrioglu, email=user@user.com, password=$2a$12$T/RxIhZEVM6ipdOPfN90ce4NW3AfQX8oecLkKRe2EOGt/V.juRh62, role=USER, isVerified=false, isLocked=false, version=9) performed operation on User created
[2025-04-11 12:09:44] [INFO] User(id=18, username=Duru Basrioglu, email=user2@user.com, password=$2a$12$qYqiMuTm.Ybvbz3gB3iq.OxGbNy7byDg022W7dcILR1vwh4kvU9nu, role=USER, isVerified=false, isLocked=false, version=1) performed operation on User created
[2025-04-11 12:09:44] [INFO] User(id=1, username=Mehmet Basrioglu, email=admin@admin.com, password=$2a$12$cIRsLpgO7r5Zb/bX1KWp6esXPnfpkoRlT8uY/oz8XeKyfn6UrTrae, role=ADMIN, isVerified=true, isLocked=false, version=47) performed operation on User updated
[2025-04-11 12:14:26] [INFO] Anasayfa açıldı
[2025-04-11 12:15:51] [INFO] Anasayfa açıldı
[2025-04-11 12:15:57] [INFO] User(id=17, username=Mehmet Basrioglu, email=user@user.com, password=$2a$12$T/RxIhZEVM6ipdOPfN90ce4NW3AfQX8oecLkKRe2EOGt/V.juRh62, role=USER, isVerified=false, isLocked=false, version=9) performed operation on Kullanıcı oluşturuldu
[2025-04-11 12:15:57] [INFO] User(id=18, username=Duru Basrioglu, email=user2@user.com, password=$2a$12$qYqiMuTm.Ybvbz3gB3iq.OxGbNy7byDg022W7dcILR1vwh4kvU9nu, role=USER, isVerified=false, isLocked=false, version=1) performed operation on Kullanıcı oluşturuldu
[2025-04-11 12:15:57] [INFO] User(id=1, username=Mehmet Basrioglu, email=admin@admin.com, password=$2a$12$qzC.4.ChANHNNSs3mqsdGe.DK9y/Rzj1mvO9ktljI3iHrN5ZnnvTO, role=ADMIN, isVerified=true, isLocked=false, version=48) performed operation on Kullanıcı güncellendi
[2025-04-11 13:11:48] [INFO] basrioglumehmet@gmail.com performed operation on otp mail gönderme
[2025-04-11 13:13:03] [INFO] basrioglumehmet@gmail.com performed operation on otp mail gönderme
[2025-04-11 13:14:27] [INFO] basrioglumehmet@gmail.com performed operation on otp mail gönderme
[2025-04-11 13:14:27] [INFO] User(id=23, username=Mehmet Basrioğlu, email=basrioglumehmet@gmail.com, password=$2a$12$nujigpfFwdiNEJPS1uKV7.qDs2Fv1B87JfvxCWKUBr8MawjVhqG12, role=USER, isVerified=false, isLocked=false, version=0) performed operation on kullanıcı oluşturma
[2025-04-11 13:14:28] [INFO] basrioglumehmet@gmail.com performed operation on otp mail gönderme
[2025-04-11 13:16:17] [INFO] basrioglumehmet@gmail.com performed operation on kullanıcı email adresine göre okuma
[2025-04-11 13:18:29] [INFO] basrioglumehmet@gmail.com performed operation on kullanıcı email adresine göre okuma
